Reading netlist file: "C:\Users\jeff\OneDrive\Documents\Gowin\PDP8-TangNano4K\terminal\impl\gwsynthesis\terminal.vg"
Parsing netlist file "C:\Users\jeff\OneDrive\Documents\Gowin\PDP8-TangNano4K\terminal\impl\gwsynthesis\terminal.vg" completed
Processing netlist completed
Reading constraint file: "C:\Users\jeff\OneDrive\Documents\Gowin\PDP8-TangNano4K\terminal\src\terminal.cst"
Physical Constraint parsed completed
Running placement......
[10%] Placement Phase 0 completed
[20%] Placement Phase 1 completed
[30%] Placement Phase 2 completed
[50%] Placement Phase 3 completed
Running routing......
[60%] Routing Phase 0 completed
[70%] Routing Phase 1 completed
[80%] Routing Phase 2 completed
[90%] Routing Phase 3 completed
Running timing analysis......
[95%] Timing analysis completed
Placement and routing completed
Bitstream generation in progress......
Bitstream generation completed
Running power analysis......
[100%] Power analysis completed
Generate file "C:\Users\jeff\OneDrive\Documents\Gowin\PDP8-TangNano4K\terminal\impl\pnr\terminal.power.html" completed
Generate file "C:\Users\jeff\OneDrive\Documents\Gowin\PDP8-TangNano4K\terminal\impl\pnr\terminal.pin.html" completed
Generate file "C:\Users\jeff\OneDrive\Documents\Gowin\PDP8-TangNano4K\terminal\impl\pnr\terminal.rpt.html" completed
Generate file "C:\Users\jeff\OneDrive\Documents\Gowin\PDP8-TangNano4K\terminal\impl\pnr\terminal.rpt.txt" completed
Generate file "C:\Users\jeff\OneDrive\Documents\Gowin\PDP8-TangNano4K\terminal\impl\pnr\terminal.tr.html" completed
Mon May 01 13:32:56 2023

